Fri Jan 24 22:05:14 PST 2014  [debug] AvalonLogSystem initialized using logfile 'velocity.log'
Fri Jan 24 22:05:14 PST 2014   [info] ************************************************************** 
Fri Jan 24 22:05:14 PST 2014   [info] Starting Jakarta Velocity v1.4
Fri Jan 24 22:05:14 PST 2014   [info] RuntimeInstance initializing.
Fri Jan 24 22:05:14 PST 2014   [info] Default Properties File: org\apache\velocity\runtime\defaults\velocity.properties
Fri Jan 24 22:05:14 PST 2014   [info] Trying to use logger class org.apache.velocity.runtime.log.AvalonLogSystem
Fri Jan 24 22:05:14 PST 2014   [info] Using logger class org.apache.velocity.runtime.log.AvalonLogSystem
Fri Jan 24 22:05:14 PST 2014   [info] Default ResourceManager initializing. (class org.apache.velocity.runtime.resource.ResourceManagerImpl)
Fri Jan 24 22:05:14 PST 2014   [info] Resource Loader Instantiated: org.apache.velocity.runtime.resource.loader.JarResourceLoader
Fri Jan 24 22:05:14 PST 2014   [info] JarResourceLoader : initialization starting.
Fri Jan 24 22:05:14 PST 2014   [info] JarResourceLoader # of paths : 1
Fri Jan 24 22:05:14 PST 2014   [info] JarResourceLoader : trying to load: jar:file:/C:/Users/moonko/.m2/repository/org/codehaus/mojo/webstart-maven-plugin/1.0-beta-3/webstart-maven-plugin-1.0-beta-3.jar!/
Fri Jan 24 22:05:14 PST 2014   [info]   JarHolder : attempting to connect to jar:file:/C:/Users/moonko/.m2/repository/org/codehaus/mojo/webstart-maven-plugin/1.0-beta-3/webstart-maven-plugin-1.0-beta-3.jar!/
Fri Jan 24 22:05:14 PST 2014   [info]   JarHolder : initialized JAR: jar:file:/C:/Users/moonko/.m2/repository/org/codehaus/mojo/webstart-maven-plugin/1.0-beta-3/webstart-maven-plugin-1.0-beta-3.jar!/
Fri Jan 24 22:05:14 PST 2014   [info] JarResourceLoader : initialization complete.
Fri Jan 24 22:05:14 PST 2014   [info] ResourceCache : initialized. (class org.apache.velocity.runtime.resource.ResourceCacheImpl)
Fri Jan 24 22:05:14 PST 2014   [info] Default ResourceManager initialization complete.
Fri Jan 24 22:05:14 PST 2014   [info] Loaded System Directive: org.apache.velocity.runtime.directive.Literal
Fri Jan 24 22:05:14 PST 2014   [info] Loaded System Directive: org.apache.velocity.runtime.directive.Macro
Fri Jan 24 22:05:14 PST 2014   [info] Loaded System Directive: org.apache.velocity.runtime.directive.Parse
Fri Jan 24 22:05:14 PST 2014   [info] Loaded System Directive: org.apache.velocity.runtime.directive.Include
Fri Jan 24 22:05:14 PST 2014   [info] Loaded System Directive: org.apache.velocity.runtime.directive.Foreach
Fri Jan 24 22:05:14 PST 2014   [info] Created: 20 parsers.
Fri Jan 24 22:05:14 PST 2014   [info] Velocimacro : initialization starting.
Fri Jan 24 22:05:14 PST 2014   [info] Velocimacro : adding VMs from VM library template : VM_global_library.vm
Fri Jan 24 22:05:14 PST 2014  [error] ResourceManager : unable to find resource 'VM_global_library.vm' in any resource loader.
Fri Jan 24 22:05:14 PST 2014   [info] Velocimacro : error using  VM library template VM_global_library.vm : org.apache.velocity.exception.ResourceNotFoundException: Unable to find resource 'VM_global_library.vm'
Fri Jan 24 22:05:14 PST 2014   [info] Velocimacro :  VM library template macro registration complete.
Fri Jan 24 22:05:14 PST 2014   [info] Velocimacro : allowInline = true : VMs can be defined inline in templates
Fri Jan 24 22:05:14 PST 2014   [info] Velocimacro : allowInlineToOverride = false : VMs defined inline may NOT replace previous VM definitions
Fri Jan 24 22:05:14 PST 2014   [info] Velocimacro : allowInlineLocal = false : VMs defined inline will be  global in scope if allowed.
Fri Jan 24 22:05:14 PST 2014   [info] Velocimacro : messages on  : VM system will output logging messages
Fri Jan 24 22:05:14 PST 2014   [info] Velocimacro : autoload off  : VM system will not automatically reload global library macros
Fri Jan 24 22:05:14 PST 2014   [info] Velocimacro : initialization complete.
Fri Jan 24 22:05:14 PST 2014   [info] Velocity successfully started.
Fri Jan 24 22:05:14 PST 2014   [info] ResourceManager : found default-jnlp-template.vm with loader org.apache.velocity.runtime.resource.loader.JarResourceLoader
Fri Jan 24 22:05:14 PST 2014   [warn] org.apache.velocity.runtime.exception.ReferenceException: reference : template = default-jnlp-template.vm [line 31,column 6] : $extensions is not a valid reference.
